0 info it worked if it ends with ok
1 verbose cli [ 'node', '/usr/local/bin/npm', 'install', 'body-parse', '--save' ]
2 info using npm@1.4.28
3 info using node@v0.10.33
4 warn package.json pplkpr-node-server@1.0.0 No repository field.
5 verbose readDependencies using package.json deps
6 verbose cache add [ 'body-parse', null ]
7 verbose cache add name=undefined spec="body-parse" args=["body-parse",null]
8 verbose parsed url { protocol: null,
8 verbose parsed url   slashes: null,
8 verbose parsed url   auth: null,
8 verbose parsed url   host: null,
8 verbose parsed url   port: null,
8 verbose parsed url   hostname: null,
8 verbose parsed url   hash: null,
8 verbose parsed url   search: null,
8 verbose parsed url   query: null,
8 verbose parsed url   pathname: 'body-parse',
8 verbose parsed url   path: 'body-parse',
8 verbose parsed url   href: 'body-parse' }
9 silly lockFile 0c0fa7c3-body-parse body-parse
10 verbose lock body-parse /Users/lmccart/.npm/0c0fa7c3-body-parse.lock
11 silly lockFile 0c0fa7c3-body-parse body-parse
12 silly lockFile 0c0fa7c3-body-parse body-parse
13 verbose addNamed [ 'body-parse', '' ]
14 verbose addNamed [ null, '*' ]
15 silly lockFile de7bf0d8-body-parse body-parse@
16 verbose lock body-parse@ /Users/lmccart/.npm/de7bf0d8-body-parse.lock
17 silly addNameRange { name: 'body-parse', range: '*', hasData: false }
18 verbose request where is /body-parse
19 verbose request registry https://registry.npmjs.org/
20 verbose request id ea93876b7eb02a7b
21 verbose url raw /body-parse
22 verbose url resolving [ 'https://registry.npmjs.org/', './body-parse' ]
23 verbose url resolved https://registry.npmjs.org/body-parse
24 verbose request where is https://registry.npmjs.org/body-parse
25 info trying registry request attempt 1 at 18:16:29
26 http GET https://registry.npmjs.org/body-parse
27 http 404 https://registry.npmjs.org/body-parse
28 verbose headers { date: 'Wed, 18 Mar 2015 18:15:49 GMT',
28 verbose headers   server: 'CouchDB/1.5.0 (Erlang OTP/R16B03)',
28 verbose headers   'content-type': 'application/json',
28 verbose headers   'cache-control': 'max-age=0',
28 verbose headers   'content-length': '51',
28 verbose headers   'accept-ranges': 'bytes',
28 verbose headers   via: '1.1 varnish',
28 verbose headers   age: '0',
28 verbose headers   'x-served-by': 'cache-lhr6328-LHR',
28 verbose headers   'x-cache': 'MISS',
28 verbose headers   'x-cache-hits': '0',
28 verbose headers   'x-timer': 'S1426702548.854173,VS0,VE630',
28 verbose headers   'keep-alive': 'timeout=10, max=50',
28 verbose headers   connection: 'Keep-Alive' }
29 silly registry.get cb [ 404,
29 silly registry.get   { date: 'Wed, 18 Mar 2015 18:15:49 GMT',
29 silly registry.get     server: 'CouchDB/1.5.0 (Erlang OTP/R16B03)',
29 silly registry.get     'content-type': 'application/json',
29 silly registry.get     'cache-control': 'max-age=0',
29 silly registry.get     'content-length': '51',
29 silly registry.get     'accept-ranges': 'bytes',
29 silly registry.get     via: '1.1 varnish',
29 silly registry.get     age: '0',
29 silly registry.get     'x-served-by': 'cache-lhr6328-LHR',
29 silly registry.get     'x-cache': 'MISS',
29 silly registry.get     'x-cache-hits': '0',
29 silly registry.get     'x-timer': 'S1426702548.854173,VS0,VE630',
29 silly registry.get     'keep-alive': 'timeout=10, max=50',
29 silly registry.get     connection: 'Keep-Alive' } ]
30 silly lockFile de7bf0d8-body-parse body-parse@
31 silly lockFile de7bf0d8-body-parse body-parse@
32 error 404 404 Not Found: body-parse
32 error 404
32 error 404 'body-parse' is not in the npm registry.
32 error 404 You should bug the author to publish it
32 error 404 It was specified as a dependency of 'pplkpr-node-server'
32 error 404
32 error 404 Note that you can also install from a
32 error 404 tarball, folder, or http url, or git url.
33 error System Darwin 14.0.0
34 error command "node" "/usr/local/bin/npm" "install" "body-parse" "--save"
35 error cwd /Users/lmccart/Documents/pplkeeper/pplkpr-node-server
36 error node -v v0.10.33
37 error npm -v 1.4.28
38 error code E404
39 verbose exit [ 1, true ]
